Determining if the log exist failed with the following output:
Change Dir: /home/trevor/Documents/OSS/lab05/Part2/CMakeFiles/CMakeTmp

Run Build Command:"/usr/bin/make" "cmTC_e2783/fast"
/usr/bin/make -f CMakeFiles/cmTC_e2783.dir/build.make CMakeFiles/cmTC_e2783.dir/build
make[1]: Entering directory '/home/trevor/Documents/OSS/lab05/Part2/CMakeFiles/CMakeTmp'
Building C object CMakeFiles/cmTC_e2783.dir/CheckSymbolExists.c.o
/usr/bin/cc    -o CMakeFiles/cmTC_e2783.dir/CheckSymbolExists.c.o   -c /home/trevor/Documents/OSS/lab05/Part2/CMakeFiles/CMakeTmp/CheckSymbolExists.c
Linking C executable cmTC_e2783
/usr/bin/cmake -E cmake_link_script CMakeFiles/cmTC_e2783.dir/link.txt --verbose=1
/usr/bin/cc      CMakeFiles/cmTC_e2783.dir/CheckSymbolExists.c.o  -o cmTC_e2783 
CMakeFiles/cmTC_e2783.dir/CheckSymbolExists.c.o: In function `main':
CheckSymbolExists.c:(.text+0x1b): undefined reference to `log'
collect2: error: ld returned 1 exit status
CMakeFiles/cmTC_e2783.dir/build.make:97: recipe for target 'cmTC_e2783' failed
make[1]: *** [cmTC_e2783] Error 1
make[1]: Leaving directory '/home/trevor/Documents/OSS/lab05/Part2/CMakeFiles/CMakeTmp'
Makefile:126: recipe for target 'cmTC_e2783/fast' failed
make: *** [cmTC_e2783/fast] Error 2

File /home/trevor/Documents/OSS/lab05/Part2/CMakeFiles/CMakeTmp/CheckSymbolExists.c:
/* */
#include <math.h>

int main(int argc, char** argv)
{
  (void)argv;
#ifndef log
  return ((int*)(&log))[argc];
#else
  (void)argc;
  return 0;
#endif
}

Determining if the exp exist failed with the following output:
Change Dir: /home/trevor/Documents/OSS/lab05/Part2/CMakeFiles/CMakeTmp

Run Build Command:"/usr/bin/make" "cmTC_17f70/fast"
/usr/bin/make -f CMakeFiles/cmTC_17f70.dir/build.make CMakeFiles/cmTC_17f70.dir/build
make[1]: Entering directory '/home/trevor/Documents/OSS/lab05/Part2/CMakeFiles/CMakeTmp'
Building C object CMakeFiles/cmTC_17f70.dir/CheckSymbolExists.c.o
/usr/bin/cc    -o CMakeFiles/cmTC_17f70.dir/CheckSymbolExists.c.o   -c /home/trevor/Documents/OSS/lab05/Part2/CMakeFiles/CMakeTmp/CheckSymbolExists.c
Linking C executable cmTC_17f70
/usr/bin/cmake -E cmake_link_script CMakeFiles/cmTC_17f70.dir/link.txt --verbose=1
/usr/bin/cc      CMakeFiles/cmTC_17f70.dir/CheckSymbolExists.c.o  -o cmTC_17f70 
CMakeFiles/cmTC_17f70.dir/CheckSymbolExists.c.o: In function `main':
CheckSymbolExists.c:(.text+0x1b): undefined reference to `exp'
collect2: error: ld returned 1 exit status
CMakeFiles/cmTC_17f70.dir/build.make:97: recipe for target 'cmTC_17f70' failed
make[1]: *** [cmTC_17f70] Error 1
make[1]: Leaving directory '/home/trevor/Documents/OSS/lab05/Part2/CMakeFiles/CMakeTmp'
Makefile:126: recipe for target 'cmTC_17f70/fast' failed
make: *** [cmTC_17f70/fast] Error 2

File /home/trevor/Documents/OSS/lab05/Part2/CMakeFiles/CMakeTmp/CheckSymbolExists.c:
/* */
#include <math.h>

int main(int argc, char** argv)
{
  (void)argv;
#ifndef exp
  return ((int*)(&exp))[argc];
#else
  (void)argc;
  return 0;
#endif
}

