Determining if the log exist failed with the following output:
Change Dir: /home/trevor/Documents/OSS/lab05/step5_build/CMakeFiles/CMakeTmp

Run Build Command:"/usr/bin/make" "cmTC_f924b/fast"
/usr/bin/make -f CMakeFiles/cmTC_f924b.dir/build.make CMakeFiles/cmTC_f924b.dir/build
make[1]: Entering directory '/home/trevor/Documents/OSS/lab05/step5_build/CMakeFiles/CMakeTmp'
Building C object CMakeFiles/cmTC_f924b.dir/CheckSymbolExists.c.o
/usr/bin/cc    -o CMakeFiles/cmTC_f924b.dir/CheckSymbolExists.c.o   -c /home/trevor/Documents/OSS/lab05/step5_build/CMakeFiles/CMakeTmp/CheckSymbolExists.c
Linking C executable cmTC_f924b
/usr/bin/cmake -E cmake_link_script CMakeFiles/cmTC_f924b.dir/link.txt --verbose=1
/usr/bin/cc      CMakeFiles/cmTC_f924b.dir/CheckSymbolExists.c.o  -o cmTC_f924b 
CMakeFiles/cmTC_f924b.dir/CheckSymbolExists.c.o: In function `main':
CheckSymbolExists.c:(.text+0x1b): undefined reference to `log'
collect2: error: ld returned 1 exit status
CMakeFiles/cmTC_f924b.dir/build.make:97: recipe for target 'cmTC_f924b' failed
make[1]: *** [cmTC_f924b] Error 1
make[1]: Leaving directory '/home/trevor/Documents/OSS/lab05/step5_build/CMakeFiles/CMakeTmp'
Makefile:126: recipe for target 'cmTC_f924b/fast' failed
make: *** [cmTC_f924b/fast] Error 2

File /home/trevor/Documents/OSS/lab05/step5_build/CMakeFiles/CMakeTmp/CheckSymbolExists.c:
/* */
#include <math.h>

int main(int argc, char** argv)
{
  (void)argv;
#ifndef log
  return ((int*)(&log))[argc];
#else
  (void)argc;
  return 0;
#endif
}

Determining if the exp exist failed with the following output:
Change Dir: /home/trevor/Documents/OSS/lab05/step5_build/CMakeFiles/CMakeTmp

Run Build Command:"/usr/bin/make" "cmTC_35c48/fast"
/usr/bin/make -f CMakeFiles/cmTC_35c48.dir/build.make CMakeFiles/cmTC_35c48.dir/build
make[1]: Entering directory '/home/trevor/Documents/OSS/lab05/step5_build/CMakeFiles/CMakeTmp'
Building C object CMakeFiles/cmTC_35c48.dir/CheckSymbolExists.c.o
/usr/bin/cc    -o CMakeFiles/cmTC_35c48.dir/CheckSymbolExists.c.o   -c /home/trevor/Documents/OSS/lab05/step5_build/CMakeFiles/CMakeTmp/CheckSymbolExists.c
Linking C executable cmTC_35c48
/usr/bin/cmake -E cmake_link_script CMakeFiles/cmTC_35c48.dir/link.txt --verbose=1
/usr/bin/cc      CMakeFiles/cmTC_35c48.dir/CheckSymbolExists.c.o  -o cmTC_35c48 
CMakeFiles/cmTC_35c48.dir/CheckSymbolExists.c.o: In function `main':
CheckSymbolExists.c:(.text+0x1b): undefined reference to `exp'
collect2: error: ld returned 1 exit status
CMakeFiles/cmTC_35c48.dir/build.make:97: recipe for target 'cmTC_35c48' failed
make[1]: *** [cmTC_35c48] Error 1
make[1]: Leaving directory '/home/trevor/Documents/OSS/lab05/step5_build/CMakeFiles/CMakeTmp'
Makefile:126: recipe for target 'cmTC_35c48/fast' failed
make: *** [cmTC_35c48/fast] Error 2

File /home/trevor/Documents/OSS/lab05/step5_build/CMakeFiles/CMakeTmp/CheckSymbolExists.c:
/* */
#include <math.h>

int main(int argc, char** argv)
{
  (void)argv;
#ifndef exp
  return ((int*)(&exp))[argc];
#else
  (void)argc;
  return 0;
#endif
}

